2026-06-23 08:40:18.487 INFO  [c.a.agritrade.AgritradeApplication] - Starting AgritradeApplication using Java 21.0.1 with PID 25912 (D:\Full-stack-project\Agritrade-app\Backend\target\classes started by ajeet in D:\Full-stack-project\Agritrade-app\Backend)
2026-06-23 08:40:18.487 DEBUG [c.a.agritrade.AgritradeApplication] - Running with Spring Boot v4.1.0, Spring v7.0.8
2026-06-23 08:40:18.487 INFO  [c.a.agritrade.AgritradeApplication] - No active profile set, falling back to 1 default profile: "default"
2026-06-23 08:40:18.582 INFO  [o.s.b.d.e.DevToolsPropertyDefaultsPostProcessor] - Devtools property defaults active! Set 'spring.devtools.add-properties' to 'false' to disable
2026-06-23 08:40:18.582 INFO  [o.s.b.d.e.DevToolsPropertyDefaultsPostProcessor] - For additional web related logging consider setting the 'logging.level.web' property to 'DEBUG'
2026-06-23 08:40:19.714 INFO  [o.s.d.r.c.RepositoryConfigurationDelegate] - Bootstrapping Spring Data JPA repositories in DEFAULT mode.
2026-06-23 08:40:19.814 INFO  [o.s.d.r.c.RepositoryConfigurationDelegate] - Finished Spring Data repository scanning in 75 ms. Found 2 JPA repository interfaces.
2026-06-23 08:40:20.748 INFO  [o.s.boot.tomcat.TomcatWebServer] - Tomcat initialized with port 9901 (http)
2026-06-23 08:40:20.767 INFO  [o.a.catalina.core.StandardService] - Starting service [Tomcat]
2026-06-23 08:40:20.767 INFO  [o.a.catalina.core.StandardEngine] - Starting Servlet engine: [Apache Tomcat/11.0.22]
2026-06-23 08:40:20.834 INFO  [o.s.b.w.c.s.WebApplicationContextInitializer] - Root WebApplicationContext: initialization completed in 2249 ms
2026-06-23 08:40:21.167 INFO  [org.hibernate.orm.jpa] - HHH008540: Processing PersistenceUnitInfo [name: default]
2026-06-23 08:40:21.283 INFO  [org.hibernate.orm.core] - HHH000001: Hibernate ORM core version 7.4.1.Final
2026-06-23 08:40:22.026 INFO  [o.s.o.j.p.SpringPersistenceUnitInfo] - No LoadTimeWeaver setup: ignoring JPA class transformer
2026-06-23 08:40:22.077 INFO  [com.zaxxer.hikari.HikariDataSource] - HikariPool-1 - Starting...
2026-06-23 08:40:22.554 INFO  [com.zaxxer.hikari.pool.HikariPool] - HikariPool-1 - Added connection com.mysql.cj.jdbc.ConnectionImpl@736163b5
2026-06-23 08:40:22.558 INFO  [com.zaxxer.hikari.HikariDataSource] - HikariPool-1 - Start completed.
2026-06-23 08:40:22.803 INFO  [o.hibernate.orm.connections.pooling] - HHH10001005: Database info:
	Database JDBC URL [jdbc:mysql://localhost:3306/agritradeDb?useSSL=false&createDatabaseIfNotExist=true&allowPublicKeyRetrieval=true]
	Database driver: MySQL Connector/J
	Database dialect: MySQLDialect
	Database version: 8.0.36
	Default catalog/schema: agritradeDb/undefined
	Autocommit mode: undefined/unknown
	Isolation level: REPEATABLE_READ [default REPEATABLE_READ]
	JDBC fetch size: none
	Pool: DataSourceConnectionProvider
	Minimum pool size: undefined/unknown
	Maximum pool size: undefined/unknown
2026-06-23 08:40:23.301 ERROR [o.s.o.j.LocalContainerEntityManagerFactoryBean] - Failed to initialize JPA EntityManagerFactory: Entity 'com.agritrade.agritrade.entity.GrainWeight' has no identifier (every '@Entity' class must declare or inherit at least one '@Id' or '@EmbeddedId' property)
2026-06-23 08:40:23.301 WARN  [o.s.b.w.s.s.c.AnnotationConfigServletWebServerApplicationContext] - Exception encountered during context initialization - cancelling refresh attempt: org.springframework.beans.factory.BeanCreationException: Error creating bean with name 'entityManagerFactory' defined in class path resource [org/springframework/boot/hibernate/autoconfigure/HibernateJpaConfiguration.class]: Entity 'com.agritrade.agritrade.entity.GrainWeight' has no identifier (every '@Entity' class must declare or inherit at least one '@Id' or '@EmbeddedId' property)
2026-06-23 08:40:23.317 INFO  [com.zaxxer.hikari.HikariDataSource] - HikariPool-1 - Shutdown initiated...
2026-06-23 08:40:23.331 INFO  [com.zaxxer.hikari.HikariDataSource] - HikariPool-1 - Shutdown completed.
2026-06-23 08:40:23.338 INFO  [o.a.catalina.core.StandardService] - Stopping service [Tomcat]
2026-06-23 08:40:23.367 INFO  [o.s.b.a.l.ConditionEvaluationReportLogger] - 

Error starting ApplicationContext. To display the condition evaluation report re-run your application with 'debug' enabled.
2026-06-23 08:40:23.414 ERROR [o.s.boot.SpringApplication] - Application run failed
org.springframework.beans.factory.BeanCreationException: Error creating bean with name 'entityManagerFactory' defined in class path resource [org/springframework/boot/hibernate/autoconfigure/HibernateJpaConfiguration.class]: Entity 'com.agritrade.agritrade.entity.GrainWeight' has no identifier (every '@Entity' class must declare or inherit at least one '@Id' or '@EmbeddedId' property)
	at org.springframework.beans.factory.support.AbstractAutowireCapableBeanFactory.initializeBean(AbstractAutowireCapableBeanFactory.java:1815)
	at org.springframework.beans.factory.support.AbstractAutowireCapableBeanFactory.doCreateBean(AbstractAutowireCapableBeanFactory.java:603)
	at org.springframework.beans.factory.support.AbstractAutowireCapableBeanFactory.createBean(AbstractAutowireCapableBeanFactory.java:525)
	at org.springframework.beans.factory.support.AbstractBeanFactory.lambda$doGetBean$0(AbstractBeanFactory.java:333)
	at org.springframework.beans.factory.support.DefaultSingletonBeanRegistry.getSingleton(DefaultSingletonBeanRegistry.java:371)
	at org.springframework.beans.factory.support.AbstractBeanFactory.doGetBean(AbstractBeanFactory.java:331)
	at org.springframework.beans.factory.support.AbstractBeanFactory.getBean(AbstractBeanFactory.java:201)
	at org.springframework.context.support.AbstractApplicationContext.finishBeanFactoryInitialization(AbstractApplicationContext.java:977)
	at org.springframework.context.support.AbstractApplicationContext.refresh(AbstractApplicationContext.java:621)
	at org.springframework.boot.web.server.servlet.context.ServletWebServerApplicationContext.refresh(ServletWebServerApplicationContext.java:143)
	at org.springframework.boot.SpringApplication.refresh(SpringApplication.java:756)
	at org.springframework.boot.SpringApplication.refreshContext(SpringApplication.java:445)
	at org.springframework.boot.SpringApplication.run(SpringApplication.java:321)
	at org.springframework.boot.SpringApplication.run(SpringApplication.java:1365)
	at org.springframework.boot.SpringApplication.run(SpringApplication.java:1354)
	at com.agritrade.agritrade.AgritradeApplication.main(AgritradeApplication.java:28)
	at java.base/jdk.internal.reflect.DirectMethodHandleAccessor.invoke(DirectMethodHandleAccessor.java:103)
	at java.base/java.lang.reflect.Method.invoke(Method.java:580)
	at org.springframework.boot.devtools.restart.RestartLauncher.run(RestartLauncher.java:52)
Caused by: org.hibernate.AnnotationException: Entity 'com.agritrade.agritrade.entity.GrainWeight' has no identifier (every '@Entity' class must declare or inherit at least one '@Id' or '@EmbeddedId' property)
	at org.hibernate.boot.model.internal.InheritanceState.getElementsToProcess(InheritanceState.java:248)
	at org.hibernate.boot.model.internal.InheritanceState.postProcess(InheritanceState.java:165)
	at org.hibernate.boot.model.internal.EntityBinder.handleIdentifier(EntityBinder.java:434)
	at org.hibernate.boot.model.internal.EntityBinder.bindEntityClass(EntityBinder.java:259)
	at org.hibernate.boot.model.internal.AnnotationBinder.bindClass(AnnotationBinder.java:247)
	at org.hibernate.boot.model.source.internal.annotations.AnnotationMetadataSourceProcessorImpl.processEntityHierarchies(AnnotationMetadataSourceProcessorImpl.java:197)
	at org.hibernate.boot.model.process.spi.MetadataBuildingProcess$1.processEntityHierarchies(MetadataBuildingProcess.java:323)
	at org.hibernate.boot.model.process.spi.MetadataBuildingProcess.coordinateProcessors(MetadataBuildingProcess.java:356)
	at org.hibernate.boot.model.process.spi.MetadataBuildingProcess.complete(MetadataBuildingProcess.java:209)
	at org.hibernate.jpa.boot.internal.EntityManagerFactoryBuilderImpl.metadata(EntityManagerFactoryBuilderImpl.java:1388)
	at org.hibernate.jpa.boot.internal.EntityManagerFactoryBuilderImpl.populateSessionFactoryBuilder(EntityManagerFactoryBuilderImpl.java:1468)
	at org.hibernate.jpa.boot.internal.EntityManagerFactoryBuilderImpl.build(EntityManagerFactoryBuilderImpl.java:1450)
	at org.springframework.orm.jpa.vendor.SpringHibernateJpaPersistenceProvider.createContainerEntityManagerFactory(SpringHibernateJpaPersistenceProvider.java:93)
	at org.springframework.orm.jpa.LocalContainerEntityManagerFactoryBean.createNativeEntityManagerFactory(LocalContainerEntityManagerFactoryBean.java:443)
	at org.springframework.orm.jpa.AbstractEntityManagerFactoryBean.buildNativeEntityManagerFactory(AbstractEntityManagerFactoryBean.java:436)
	at org.springframework.orm.jpa.AbstractEntityManagerFactoryBean.afterPropertiesSet(AbstractEntityManagerFactoryBean.java:411)
	at org.springframework.orm.jpa.LocalContainerEntityManagerFactoryBean.afterPropertiesSet(LocalContainerEntityManagerFactoryBean.java:419)
	at org.springframework.beans.factory.support.AbstractAutowireCapableBeanFactory.invokeInitMethods(AbstractAutowireCapableBeanFactory.java:1862)
	at org.springframework.beans.factory.support.AbstractAutowireCapableBeanFactory.initializeBean(AbstractAutowireCapableBeanFactory.java:1811)
	... 18 common frames omitted
2026-06-23 08:41:17.667 INFO  [c.a.agritrade.AgritradeApplication] - Starting AgritradeApplication using Java 21.0.1 with PID 23292 (D:\Full-stack-project\Agritrade-app\Backend\target\classes started by ajeet in D:\Full-stack-project\Agritrade-app\Backend)
2026-06-23 08:41:17.672 DEBUG [c.a.agritrade.AgritradeApplication] - Running with Spring Boot v4.1.0, Spring v7.0.8
2026-06-23 08:41:17.672 INFO  [c.a.agritrade.AgritradeApplication] - No active profile set, falling back to 1 default profile: "default"
2026-06-23 08:41:17.860 INFO  [o.s.b.d.e.DevToolsPropertyDefaultsPostProcessor] - Devtools property defaults active! Set 'spring.devtools.add-properties' to 'false' to disable
2026-06-23 08:41:17.860 INFO  [o.s.b.d.e.DevToolsPropertyDefaultsPostProcessor] - For additional web related logging consider setting the 'logging.level.web' property to 'DEBUG'
2026-06-23 08:41:19.040 INFO  [o.s.d.r.c.RepositoryConfigurationDelegate] - Bootstrapping Spring Data JPA repositories in DEFAULT mode.
2026-06-23 08:41:19.155 INFO  [o.s.d.r.c.RepositoryConfigurationDelegate] - Finished Spring Data repository scanning in 101 ms. Found 2 JPA repository interfaces.
2026-06-23 08:41:19.942 INFO  [o.s.boot.tomcat.TomcatWebServer] - Tomcat initialized with port 9901 (http)
2026-06-23 08:41:19.988 INFO  [o.a.catalina.core.StandardService] - Starting service [Tomcat]
2026-06-23 08:41:19.988 INFO  [o.a.catalina.core.StandardEngine] - Starting Servlet engine: [Apache Tomcat/11.0.22]
2026-06-23 08:41:20.123 INFO  [o.s.b.w.c.s.WebApplicationContextInitializer] - Root WebApplicationContext: initialization completed in 2263 ms
2026-06-23 08:41:20.463 INFO  [org.hibernate.orm.jpa] - HHH008540: Processing PersistenceUnitInfo [name: default]
2026-06-23 08:41:20.561 INFO  [org.hibernate.orm.core] - HHH000001: Hibernate ORM core version 7.4.1.Final
2026-06-23 08:41:21.424 INFO  [o.s.o.j.p.SpringPersistenceUnitInfo] - No LoadTimeWeaver setup: ignoring JPA class transformer
2026-06-23 08:41:21.490 INFO  [com.zaxxer.hikari.HikariDataSource] - HikariPool-1 - Starting...
2026-06-23 08:41:21.751 INFO  [com.zaxxer.hikari.pool.HikariPool] - HikariPool-1 - Added connection com.mysql.cj.jdbc.ConnectionImpl@55f8707c
2026-06-23 08:41:21.759 INFO  [com.zaxxer.hikari.HikariDataSource] - HikariPool-1 - Start completed.
2026-06-23 08:41:21.951 INFO  [o.hibernate.orm.connections.pooling] - HHH10001005: Database info:
	Database JDBC URL [jdbc:mysql://localhost:3306/agritradeDb?useSSL=false&createDatabaseIfNotExist=true&allowPublicKeyRetrieval=true]
	Database driver: MySQL Connector/J
	Database dialect: MySQLDialect
	Database version: 8.0.36
	Default catalog/schema: agritradeDb/undefined
	Autocommit mode: undefined/unknown
	Isolation level: REPEATABLE_READ [default REPEATABLE_READ]
	JDBC fetch size: none
	Pool: DataSourceConnectionProvider
	Minimum pool size: undefined/unknown
	Maximum pool size: undefined/unknown
2026-06-23 08:41:23.728 INFO  [org.hibernate.orm.core] - HHH000489: No JTA platform available (set 'hibernate.transaction.jta.platform' to enable JTA platform integration)
2026-06-23 08:41:24.250 INFO  [o.s.o.j.LocalContainerEntityManagerFactoryBean] - Initialized JPA EntityManagerFactory for persistence unit 'default'
2026-06-23 08:41:24.484 INFO  [o.s.d.j.r.q.QueryEnhancerFactories] - Hibernate is in classpath; If applicable, HQL parser will be used.
2026-06-23 08:41:26.489 WARN  [o.s.b.j.a.JpaBaseConfiguration$JpaWebConfiguration] - spring.jpa.open-in-view is enabled by default. Therefore, database queries may be performed during view rendering. Explicitly configure spring.jpa.open-in-view to disable this warning
2026-06-23 08:41:26.990 INFO  [o.s.boot.tomcat.TomcatWebServer] - Tomcat started on port 9901 (http) with context path '/'
2026-06-23 08:41:27.005 INFO  [c.a.agritrade.AgritradeApplication] - Started AgritradeApplication in 10.052 seconds (process running for 10.826)
2026-06-23 08:41:27.005 INFO  [c.a.agritrade.AgritradeApplication] - Agritrade Application Started Successfully
2026-06-23 08:44:29.961 INFO  [o.a.c.c.C.[Tomcat].[localhost].[/]] - Initializing Spring DispatcherServlet 'dispatcherServlet'
2026-06-23 08:44:29.967 INFO  [o.s.web.servlet.DispatcherServlet] - Initializing Servlet 'dispatcherServlet'
2026-06-23 08:44:29.976 INFO  [o.s.web.servlet.DispatcherServlet] - Completed initialization in 2 ms
2026-06-23 08:46:24.583 WARN  [o.s.w.s.m.m.a.ExceptionHandlerExceptionResolver] - Resolved [org.springframework.web.HttpRequestMethodNotSupportedException: Request method 'POST' is not supported]
2026-06-23 08:46:35.030 WARN  [o.s.w.s.m.m.a.ExceptionHandlerExceptionResolver] - Resolved [org.springframework.web.HttpRequestMethodNotSupportedException: Request method 'POST' is not supported]
2026-06-23 08:47:30.231 ERROR [c.a.a.s.PurchaseGrainServiceImpl] - Unexpected error while creating purchase: Row was already updated or deleted by another transaction for entity [com.agritrade.agritrade.entity.PurchaseGrain with id '1']
2026-06-23 08:49:31.493 INFO  [o.s.boot.tomcat.GracefulShutdown] - Commencing graceful shutdown. Waiting for active requests to complete
2026-06-23 08:49:31.508 INFO  [o.s.boot.tomcat.GracefulShutdown] - Graceful shutdown complete
2026-06-23 08:49:31.516 INFO  [o.s.o.j.LocalContainerEntityManagerFactoryBean] - Closing JPA EntityManagerFactory for persistence unit 'default'
2026-06-23 08:49:31.520 INFO  [com.zaxxer.hikari.HikariDataSource] - HikariPool-1 - Shutdown initiated...
2026-06-23 08:49:31.524 INFO  [com.zaxxer.hikari.HikariDataSource] - HikariPool-1 - Shutdown completed.
